SF:lib/presentation/coreui/loading_indicator.dart
DA:8,1
DA:10,1
DA:12,2
DA:17,0
DA:30,0
DA:31,0
DA:35,0
DA:36,0
LF:8
LH:3
end_of_record
SF:lib/presentation/coreui/no_data_found.dart
DA:7,2
DA:9,1
DA:11,1
DA:13,1
DA:15,1
DA:16,1
DA:17,1
LF:7
LH:7
end_of_record
SF:lib/presentation/home/pages/home_page.dart
DA:11,1
DA:14,1
DA:15,1
DA:19,1
DA:21,2
DA:22,0
DA:25,0
DA:27,0
DA:28,0
DA:29,0
DA:30,0
DA:32,0
DA:33,0
DA:35,0
DA:36,0
DA:38,0
DA:45,0
DA:46,0
DA:47,0
DA:48,0
DA:54,0
DA:61,0
DA:63,0
DA:64,0
DA:65,0
DA:66,0
DA:67,0
DA:69,0
DA:70,0
DA:71,0
DA:72,0
DA:73,0
DA:74,0
DA:77,0
DA:78,0
DA:79,0
DA:80,0
DA:81,0
DA:85,0
DA:86,0
DA:88,0
DA:90,0
DA:91,0
DA:97,0
LF:44
LH:5
end_of_record
SF:lib/common/http_base_exception.dart
DA:2,0
DA:7,1
DA:12,0
DA:15,0
DA:20,0
DA:24,0
DA:33,0
DA:37,0
DA:40,0
LF:9
LH:1
end_of_record
SF:lib/common/use_case.dart
DA:6,0
LF:1
LH:0
end_of_record
SF:lib/core/home/api/model/users_reponse.dart
DA:11,0
DA:13,0
DA:14,0
DA:16,0
DA:17,0
DA:19,0
DA:32,0
DA:34,0
DA:35,0
DA:38,0
DA:39,0
DA:41,0
DA:53,0
DA:56,0
DA:57,0
DA:60,0
DA:61,0
DA:63,0
LF:18
LH:0
end_of_record
SF:lib/core/home/api/model/users_reponse.g.dart
DA:9,0
DA:10,0
DA:11,0
DA:12,0
DA:15,0
DA:16,0
DA:19,0
DA:20,0
DA:21,0
DA:22,0
DA:23,0
DA:24,0
DA:25,0
DA:28,0
DA:29,0
DA:30,0
DA:31,0
DA:32,0
DA:33,0
DA:34,0
DA:37,0
DA:38,0
DA:39,0
DA:40,0
DA:41,0
DA:42,0
DA:45,0
DA:46,0
DA:47,0
DA:48,0
DA:49,0
DA:50,0
LF:32
LH:0
end_of_record
SF:lib/core/home/bloc/home_bloc.dart
DA:9,0
DA:12,0
DA:13,0
DA:14,0
DA:18,0
DA:19,0
DA:21,0
DA:22,0
DA:23,0
DA:25,0
DA:27,0
DA:28,0
LF:12
LH:0
end_of_record
SF:lib/core/home/bloc/home_event.dart
DA:4,0
DA:8,0
DA:10,0
DA:11,0
LF:4
LH:0
end_of_record
SF:lib/core/home/bloc/home_state.dart
DA:6,1
DA:11,1
DA:13,0
DA:14,0
DA:19,1
DA:21,0
DA:22,0
DA:27,0
DA:28,0
DA:34,0
DA:36,0
DA:37,0
LF:12
LH:3
end_of_record
SF:lib/core/home/domain/usecase/get_users_usecase.dart
DA:8,0
DA:12,0
DA:13,0
DA:14,0
DA:21,0
LF:5
LH:0
end_of_record
SF:lib/presentation/coreui/box.dart
DA:5,0
DA:6,0
DA:8,0
DA:9,0
DA:10,0
DA:14,0
DA:20,0
DA:21,0
DA:22,0
LF:9
LH:0
end_of_record
SF:lib/presentation/coreui/colors.dart
DA:22,0
DA:23,0
DA:38,0
DA:53,0
DA:54,0
DA:57,0
DA:59,0
DA:60,0
DA:61,0
DA:62,0
DA:63,0
DA:64,0
DA:65,0
LF:13
LH:0
end_of_record
SF:lib/presentation/coreui/divider.dart
DA:4,0
DA:5,0
LF:2
LH:0
end_of_record
SF:lib/presentation/coreui/row.dart
DA:6,0
DA:7,0
DA:8,0
DA:9,0
DA:11,0
DA:20,0
DA:21,0
DA:22,0
DA:23,0
LF:9
LH:0
end_of_record
SF:lib/presentation/coreui/text.dart
DA:4,0
DA:16,0
DA:17,0
DA:21,0
LF:4
LH:0
end_of_record
SF:lib/presentation/coreui/user_item.dart
DA:10,0
DA:12,0
DA:14,0
DA:15,0
DA:16,0
DA:17,0
LF:6
LH:0
end_of_record
SF:lib/presentation/user/views/user_profile_view.dart
DA:18,0
DA:24,0
DA:26,0
DA:28,0
DA:31,0
DA:32,0
DA:36,0
DA:39,0
DA:40,0
DA:42,0
DA:43,0
DA:45,0
DA:49,0
DA:62,0
DA:63,0
DA:64,0
DA:67,0
DA:69,0
DA:71,0
DA:73,0
DA:74,0
DA:78,0
DA:80,0
DA:82,0
DA:84,0
DA:85,0
DA:87,0
DA:89,0
DA:90,0
DA:91,0
DA:92,0
DA:95,0
DA:96,0
DA:98,0
DA:101,0
DA:108,0
DA:110,0
DA:112,0
DA:114,0
DA:115,0
DA:117,0
DA:119,0
DA:120,0
DA:122,0
DA:125,0
LF:45
LH:0
end_of_record
